<?xml version="1.0" encoding="UTF-8"?>
<testng-results ignored="0" total="3" passed="3" failed="0" skipped="0">
  <reporter-output>
  </reporter-output>
  <suite started-at="2023-03-03T16:02:00Z" name="Default suite" finished-at="2023-03-03T16:02:03Z" duration-ms="2959">
    <groups>
    </groups>
    <test started-at="2023-03-03T16:02:00Z" name="Default test" finished-at="2023-03-03T16:02:03Z" duration-ms="2959">
      <class name="webdriver.Topic_01_Check_Enviroment">
        <test-method is-config="true" signature="beforeClass()[pri:0, instance:webdriver.Topic_01_Check_Enviroment@1a677343]" started-at="2023-03-03T16:02:00Z" name="beforeClass" finished-at="2023-03-03T16:02:03Z" duration-ms="2732" status="PASS">
          <reporter-output>
          </reporter-output>
        </test-method> <!-- beforeClass -->
        <test-method signature="TC_01_Url()[pri:0, instance:webdriver.Topic_01_Check_Enviroment@1a677343]" started-at="2023-03-03T16:02:03Z" name="TC_01_Url" finished-at="2023-03-03T16:02:03Z" duration-ms="8" status="PASS">
          <reporter-output>
          </reporter-output>
        </test-method> <!-- TC_01_Url -->
        <test-method signature="TC_02_Logo()[pri:0, instance:webdriver.Topic_01_Check_Enviroment@1a677343]" started-at="2023-03-03T16:02:03Z" name="TC_02_Logo" finished-at="2023-03-03T16:02:03Z" duration-ms="58" status="PASS">
          <reporter-output>
          </reporter-output>
        </test-method> <!-- TC_02_Logo -->
        <test-method signature="TC_03_Form()[pri:0, instance:webdriver.Topic_01_Check_Enviroment@1a677343]" started-at="2023-03-03T16:02:03Z" name="TC_03_Form" finished-at="2023-03-03T16:02:03Z" duration-ms="30" status="PASS">
          <reporter-output>
          </reporter-output>
        </test-method> <!-- TC_03_Form -->
        <test-method is-config="true" signature="afterClass()[pri:0, instance:webdriver.Topic_01_Check_Enviroment@1a677343]" started-at="2023-03-03T16:02:03Z" name="afterClass" finished-at="2023-03-03T16:02:03Z" duration-ms="118" status="PASS">
          <reporter-output>
          </reporter-output>
        </test-method> <!-- afterClass -->
      </class> <!-- webdriver.Topic_01_Check_Enviroment -->
    </test> <!-- Default test -->
  </suite> <!-- Default suite -->
</testng-results>
