<?xml version="1.0" encoding="UTF-8"?>
<!-- Generated by org.testng.reporters.JUnitXMLReporter -->
<testsuite ignored="0" hostname="DESKTOP-1K2R8G9" failures="0" tests="3" name="Default test" time="3.083" errors="0" timestamp="03 Mar 2023 14:09:50 GMT">
  <testcase classname="webdriver.Topic_01_Check_Enviroment" name="TC_01_Url" time="0.009"/>
  <testcase classname="webdriver.Topic_01_Check_Enviroment" name="TC_02_Logo" time="0.05"/>
  <testcase classname="webdriver.Topic_01_Check_Enviroment" name="TC_03_Form" time="0.029"/>
</testsuite> <!-- Default test -->
