<?xml version="1.0" encoding="UTF-8"?>
<!-- Generated by org.testng.reporters.JUnitXMLReporter -->
<testsuite ignored="0" hostname="DESKTOP-1K2R8G9" failures="0" tests="3" name="Default test" time="2.959" errors="0" timestamp="03 Mar 2023 16:02:03 GMT">
  <testcase classname="webdriver.Topic_01_Check_Enviroment" name="TC_01_Url" time="0.008"/>
  <testcase classname="webdriver.Topic_01_Check_Enviroment" name="TC_02_Logo" time="0.058"/>
  <testcase classname="webdriver.Topic_01_Check_Enviroment" name="TC_03_Form" time="0.03"/>
</testsuite> <!-- Default test -->
